<?xml version="1.0" encoding="UTF-8"?>
<!-- Generated by org.testng.reporters.JUnitXMLReporter -->
<testsuite ignored="0" hostname="DESKTOP-LH46NDJ" failures="0" tests="4" name="Test1" time="37.629" errors="0" timestamp="2023-04-13T08:16:09 IST">
  <testcase classname="com.zohocrm.testScript.CreateCampaigns" name="homePage" time="0.146"/>
  <testcase classname="com.zohocrm.testScript.CreateCampaigns" name="campaigns" time="2.91"/>
  <testcase classname="com.zohocrm.testScript.CreateCampaigns" name="newCampaign" time="1.772"/>
  <testcase classname="com.zohocrm.testScript.CreateCampaigns" name="createNewCamp" time="5.658"/>
</testsuite> <!-- Test1 -->
