<?xml version="1.0" encoding="UTF-8"?>
<!-- Generated by org.testng.reporters.JUnitXMLReporter -->
<testsuite ignored="0" hostname="DESKTOP-LH46NDJ" failures="0" tests="4" name="Test2" time="88.452" errors="0" timestamp="2023-04-13T08:13:05 IST">
  <testcase classname="com.zohocrm.testScript.CreateCampaigns" name="homePage" time="0.155"/>
  <testcase classname="com.zohocrm.testScript.CreateCampaigns" name="campaigns" time="3.227"/>
  <testcase classname="com.zohocrm.testScript.CreateCampaigns" name="newCampaign" time="4.68"/>
  <testcase classname="com.zohocrm.testScript.CreateCampaigns" name="createNewCamp" time="14.925"/>
</testsuite> <!-- Test2 -->
